<?xml version="1.0" encoding="UTF-8"?>
<!-- Generated by org.testng.reporters.JUnitReportReporter -->
<testsuite name="shoppingCart.ShoppingCartArticles" tests="1" time="34.873" ignored="0" failures="0" timestamp="16 mar 2017 19:56:17 GMT" skipped="0" hostname="PQVIPF0AEWNY" errors="0">
  <testcase name="launchDriverChain" time="34.873" classname="shoppingCart.ShoppingCartArticles"/>
</testsuite> <!-- shoppingCart.ShoppingCartArticles -->
